<?xml version="1.0"?>
<testsuite name="PhantomJS 2.1.1 (Windows 8 0.0.0)" package="" timestamp="2019-11-15T20:42:34" id="0" hostname="LAPTOP-7KCNNSKB" tests="17" errors="0" failures="0" time="3.309">
  <properties>
    <property name="browser.fullName" value="Mozilla/5.0 (Windows NT 6.2; WOW64) AppleWebKit/538.1 (KHTML, like Gecko) PhantomJS/2.1.1 Safari/538.1"/>
  </properties>
  <testcase name="AppComponent should have as title 'app'" time="0.149" classname="PhantomJS_2_1_1_(Windows_8_0_0_0).AppComponent"/>
  <testcase name="AppComponent should render title in a h1 tag" time="0.392" classname="PhantomJS_2_1_1_(Windows_8_0_0_0).AppComponent"/>
  <testcase name="DashboardComponent should be created" time="0.108" classname="PhantomJS_2_1_1_(Windows_8_0_0_0).DashboardComponent"/>
  <testcase name="FeatureComponent should be created" time="0.159" classname="PhantomJS_2_1_1_(Windows_8_0_0_0).FeatureComponent"/>
  <testcase name="FeatureComponent should render title in a p tag" time="0.146" classname="PhantomJS_2_1_1_(Windows_8_0_0_0).FeatureComponent"/>
  <testcase name="FeatureComponent should render products in a table element" time="0.134" classname="PhantomJS_2_1_1_(Windows_8_0_0_0).FeatureComponent"/>
  <testcase name="FeatureService should be created" time="0.065" classname="PhantomJS_2_1_1_(Windows_8_0_0_0).FeatureService"/>
  <testcase name="FeatureService getProducts should return all products" time="0.074" classname="PhantomJS_2_1_1_(Windows_8_0_0_0).FeatureService getProducts"/>
  <testcase name="MockBackenbdService should be created" time="0.102" classname="PhantomJS_2_1_1_(Windows_8_0_0_0).MockBackenbdService"/>
  <testcase name="MockBackenbdService api/products should return all products" time="0.063" classname="PhantomJS_2_1_1_(Windows_8_0_0_0).MockBackenbdService api/products"/>
  <testcase name="EnvironmentService should be created" time="0.088" classname="PhantomJS_2_1_1_(Windows_8_0_0_0).EnvironmentService"/>
  <testcase name="EnvironmentService getApiUrl should return api url" time="0.048" classname="PhantomJS_2_1_1_(Windows_8_0_0_0).EnvironmentService getApiUrl"/>
  <testcase name="EnvironmentService getApiUrl should return mock api url when passed true" time="0.05" classname="PhantomJS_2_1_1_(Windows_8_0_0_0).EnvironmentService getApiUrl"/>
  <testcase name="Router: App fakeAsync works" time="0.551" classname="PhantomJS_2_1_1_(Windows_8_0_0_0).Router: App"/>
  <testcase name="Router: App navigate to &quot;&quot; redirects you to /dashboard" time="0.543" classname="PhantomJS_2_1_1_(Windows_8_0_0_0).Router: App"/>
  <testcase name="Router: App navigate to &quot;feature&quot; redirects to /feature" time="0.469" classname="PhantomJS_2_1_1_(Windows_8_0_0_0).Router: App"/>
  <testcase name="AppComponent should create the app" time="0.168" classname="PhantomJS_2_1_1_(Windows_8_0_0_0).AppComponent"/>
  <system-out>
    <![CDATA[
]]>
  </system-out>
  <system-err/>
</testsuite>